2025-01-12 21:02:00 | WARN | repo=auction | action=commit
2025-06-21 19:33:00 | DEBUG | repo=auction | action=commit
2025-06-01 18:41:00 | INFO | repo=auction | action=commit
2025-06-02 09:55:00 | DEBUG | repo=auction | action=commit
2025-12-23 16:25:00 | DEBUG | repo=auction | action=commit
2025-03-12 07:33:00 | DEBUG | repo=auction | action=edit | files=1
2025-10-10 09:00:00 | WARN | repo=auction | action=commit
2025-08-04 14:55:00 | INFO | repo=auction | action=commit
2025-08-18 09:34:00 | DEBUG | repo=auction | action=commit
2025-09-26 19:21:00 | WARN | repo=auction | action=pull
2025-05-02 10:25:00 | WARN | repo=auction | action=edit | files=4
2025-09-01 07:38:00 | DEBUG | repo=auction | action=test | passed=true
2025-12-03 08:14:00 | INFO | repo=auction | action=pull
2025-11-10 10:39:00 | INFO | repo=auction | action=commit
2025-08-17 21:25:00 | WARN | repo=auction | action=test | passed=true
2025-06-04 11:16:00 | WARN | repo=auction | action=commit
2025-05-01 18:53:00 | DEBUG | repo=auction | action=commit
2025-10-14 11:59:00 | INFO | repo=auction | action=commit
2025-07-21 14:55:00 | DEBUG | repo=auction | action=commit
2025-12-15 21:22:00 | DEBUG | repo=auction | action=commit
2025-04-01 18:31:00 | INFO | repo=auction | action=edit | files=5
2025-07-23 15:14:00 | INFO | repo=auction | action=commit
2025-08-07 12:38:00 | DEBUG | repo=auction | action=commit
2025-04-19 08:08:00 | WARN | repo=auction | action=commit
2025-02-15 15:19:00 | WARN | repo=auction | action=commit
2025-03-04 07:56:00 | INFO | repo=auction | action=commit
2025-10-09 15:16:00 | DEBUG | repo=auction | action=commit
2025-08-24 15:46:00 | DEBUG | repo=auction | action=commit
2025-01-24 12:07:00 | INFO | repo=auction | action=commit
2025-06-10 16:42:00 | DEBUG | repo=auction | action=commit
2025-02-11 21:48:00 | WARN | repo=auction | action=test | passed=true
2025-08-24 21:16:00 | DEBUG | repo=auction | action=commit
2025-01-09 19:20:00 | WARN | repo=auction | action=commit
2025-01-26 08:00:00 | WARN | repo=auction | action=commit
